<?xml version="1.0" encoding="UTF-8"?>
<!-- Generated by org.testng.reporters.JUnitReportReporter -->
<testsuite hostname="LAPTOP-QMLJP549" name="in.roytalsundaram.scripts.TWOCRE" tests="1" failures="0" timestamp="2 Apr 2019 14:33:55 GMT" time="64.127" errors="0">
  <testcase name="testTWOCR" time="64.127" classname="in.roytalsundaram.scripts.TWOCRE"/>
</testsuite> <!-- in.roytalsundaram.scripts.TWOCRE -->
