<?xml version="1.0" encoding="UTF-8"?>
<!-- Generated by org.testng.reporters.JUnitReportReporter -->
<testsuite hostname="LAPTOP-QMLJP549" name="in.roytalsundaram.scripts.TwoWheelerInusurence" tests="1" failures="0" timestamp="25 Mar 2019 12:10:06 GMT" time="117.437" errors="0">
  <testcase name="twowheelerinsu" time="117.437" classname="in.roytalsundaram.scripts.TwoWheelerInusurence"/>
</testsuite> <!-- in.roytalsundaram.scripts.TwoWheelerInusurence -->
