<?xml version="1.0" encoding="UTF-8"?>
<!-- Generated by org.testng.reporters.JUnitReportReporter -->
<testsuite hostname="LAPTOP-QMLJP549" name="in.roytalsundaram.scripts.TWOCRE1" tests="1" failures="0" timestamp="11 Apr 2019 14:18:42 GMT" time="277.581" errors="0">
  <testcase name="testTWOCR1" time="277.581" classname="in.roytalsundaram.scripts.TWOCRE1"/>
</testsuite> <!-- in.roytalsundaram.scripts.TWOCRE1 -->
