<?xml version="1.0" encoding="UTF-8"?>
<!-- Generated by org.testng.reporters.JUnitReportReporter -->
<testsuite hostname="LAPTOP-QMLJP549" name="in.roytalsundaram.scripts.TWOCRE" tests="1" failures="0" timestamp="6 Apr 2019 10:36:03 GMT" time="177.828" errors="0">
  <testcase name="testTWOCR" time="177.828" classname="in.roytalsundaram.scripts.TWOCRE"/>
</testsuite> <!-- in.roytalsundaram.scripts.TWOCRE -->
