<?xml version="1.0" encoding="UTF-8"?>
<!-- Generated by org.testng.reporters.JUnitReportReporter -->
<testsuite hostname="LAPTOP-QMLJP549" name="in.roytalsundaram.scripts.Invalid" tests="1" failures="0" timestamp="27 Mar 2019 10:54:57 GMT" time="52.629" errors="0">
  <testcase name="twowheelerinsu" time="52.629" classname="in.roytalsundaram.scripts.Invalid"/>
</testsuite> <!-- in.roytalsundaram.scripts.Invalid -->
